
 [OK] Consuming messages from transport "async".                                

 // The worker will automatically exit once it has received a stop signal via   
 // the messenger:stop-workers command.                                         

 // Quit the worker with CONTROL-C.                                             

18:15:12 INFO      [messenger] Received signal 15. ["signal" => 15,"transport_names" => ["async"]]
18:15:13 INFO      [messenger] Stopping worker. ["transport_names" => ["async"]]

In App_KernelDevDebugContainer.php line 687:
                                                                               
  [ErrorException]                                                             
  Warning: require(/home/meep/LASTY/bankit/var/cache/dev/ContainerGxUr3Xx/get  
  Console_ErrorListenerService.php): Failed to open stream: No such file or d  
  irectory                                                                     
                                                                               

Exception trace:
  at /home/meep/LASTY/bankit/var/cache/dev/ContainerGxUr3Xx/App_KernelDevDebugContainer.php:687
 require() at /home/meep/LASTY/bankit/var/cache/dev/ContainerGxUr3Xx/App_KernelDevDebugContainer.php:687
 ContainerGxUr3Xx\App_KernelDevDebugContainer->load() at /home/meep/LASTY/bankit/var/cache/dev/ContainerGxUr3Xx/App_KernelDevDebugContainer.php:987
 ContainerGxUr3Xx\App_KernelDevDebugContainer::{closure:ContainerGxUr3Xx\App_KernelDevDebugContainer::getEventDispatcherService():987}() at /home/meep/LASTY/bankit/vendor/symfony/event-dispatcher/EventDispatcher.php:221
 Symfony\Component\EventDispatcher\EventDispatcher->sortListeners() at /home/meep/LASTY/bankit/vendor/symfony/event-dispatcher/EventDispatcher.php:70
 Symfony\Component\EventDispatcher\EventDispatcher->getListeners() at /home/meep/LASTY/bankit/vendor/symfony/event-dispatcher/Debug/TraceableEventDispatcher.php:252
 Symfony\Component\EventDispatcher\Debug\TraceableEventDispatcher->preProcess() at /home/meep/LASTY/bankit/vendor/symfony/event-dispatcher/Debug/TraceableEventDispatcher.php:116
 Symfony\Component\EventDispatcher\Debug\TraceableEventDispatcher->dispatch() at /home/meep/LASTY/bankit/vendor/symfony/console/Application.php:1109
 Symfony\Component\Console\Application->doRunCommand() at /home/meep/LASTY/bankit/vendor/symfony/framework-bundle/Console/Application.php:123
 Symfony\Bundle\FrameworkBundle\Console\Application->doRunCommand() at /home/meep/LASTY/bankit/vendor/symfony/console/Application.php:342
 Symfony\Component\Console\Application->doRun() at /home/meep/LASTY/bankit/vendor/symfony/framework-bundle/Console/Application.php:77
 Symfony\Bundle\FrameworkBundle\Console\Application->doRun() at /home/meep/LASTY/bankit/vendor/symfony/console/Application.php:193
 Symfony\Component\Console\Application->run() at /home/meep/LASTY/bankit/vendor/symfony/runtime/Runner/Symfony/ConsoleApplicationRunner.php:49
 Symfony\Component\Runtime\Runner\Symfony\ConsoleApplicationRunner->run() at /home/meep/LASTY/bankit/vendor/autoload_runtime.php:29
 require_once() at /home/meep/LASTY/bankit/bin/console:15

messenger:consume [-l|--limit LIMIT] [-f|--failure-limit FAILURE-LIMIT] [-m|--memory-limit MEMORY-LIMIT] [-t|--time-limit TIME-LIMIT] [--sleep SLEEP] [-b|--bus BUS] [--queues QUEUES] [--no-reset] [--all] [--keepalive [KEEPALIVE]] [--] [<receivers>...]

